New log file opened at Wed Jun 03 09:47:25 EDT 2015 by 93241@Shraddhas-MacBook-Pro.local
Taking next connection to: 54981
New client attempting to connect on port: 54982-54981
  Address = /10.0.0.11:54981
This client on port 54982 has uuid b310830d-d1e8-424c-a5ee-744b92440497 configName activator humanReadableName Activator protocolVersion 1 featureTags Vector()
Connected Clients: activator-b310830d-d1e8-424c-a5ee-744b92440497
Taking next connection to: 54981
Checking to see if clients are empty...
We have 1 non-daemon clients, continuing serving connections.
Taking next connection to: 54981
Checking to see if clients are empty...
We have 1 non-daemon clients, continuing serving connections.
Taking next connection to: 54981
Checking to see if clients are empty...
We have 1 non-daemon clients, continuing serving connections.
Taking next connection to: 54981
Checking to see if clients are empty...
We have 1 non-daemon clients, continuing serving connections.
Taking next connection to: 54981
Checking to see if clients are empty...
We have 1 non-daemon clients, continuing serving connections.
Taking next connection to: 54981
Checking to see if clients are empty...
We have 1 non-daemon clients, continuing serving connections.
Taking next connection to: 54981
Checking to see if clients are empty...
We have 1 non-daemon clients, continuing serving connections.
Taking next connection to: 54981
Checking to see if clients are empty...
We have 1 non-daemon clients, continuing serving connections.
Taking next connection to: 54981
Checking to see if clients are empty...
We have 1 non-daemon clients, continuing serving connections.
Taking next connection to: 54981
Checking to see if clients are empty...
No non-daemon clients connected after 3 min. Shutting down.
Server socket thread exiting.
0 clients open, will close them...
All client sockets have been closed.
Closing the 93241@Shraddhas-MacBook-Pro.local logs at Wed Jun 03 10:51:04 EDT 2015, goodbye.
